# JRE version: Java(TM) SE Runtime Environment (8.0_05-b13) (build 1.8.0_05-b13)
# Java VM: Java HotSpot(TM) 64-Bit Server VM (25.5-b02 mixed mode bsd-amd64 compressed oops)
Heap:
 PSYoungGen      total 5632K, used 2790K [0x0000000795580000, 0x0000000796180000, 0x00000007c0000000)
  eden space 4096K, 31% used [0x0000000795580000,0x00000007956be808,0x0000000795980000)
  from space 1536K, 98% used [0x0000000795980000,0x0000000795afb120,0x0000000795b00000)
  to   space 2048K, 0% used [0x0000000795f80000,0x0000000795f80000,0x0000000796180000)
 ParOldGen       total 129536K, used 1947K [0x0000000740000000, 0x0000000747e80000, 0x0000000795580000)
  object space 129536K, 1% used [0x0000000740000000,0x00000007401e6cc0,0x0000000747e80000)
 Metaspace       used 10324K, capacity 10462K, committed 10752K, reserved 1058816K
  class space    used 1191K, capacity 1237K, committed 1280K, reserved 1048576K
GC Heap History (10 events):
Event: 0.359 GC heap before
{Heap before GC invocations=3 (full 0):
 PSYoungGen      total 1536K, used 1520K [0x0000000795580000, 0x0000000795780000, 0x00000007c0000000)
  eden space 1024K, 100% used [0x0000000795580000,0x0000000795680000,0x0000000795680000)
  from space 512K, 96% used [0x0000000795700000,0x000000079577c010,0x0000000795780000)
  to   space 512K, 0% used [0x0000000795680000,0x0000000795680000,0x0000000795700000)
 ParOldGen       total 129536K, used 136K [0x0000000740000000, 0x0000000747e80000, 0x0000000795580000)
  object space 129536K, 0% used [0x0000000740000000,0x0000000740022000,0x0000000747e80000)
 Metaspace       used 4426K, capacity 4616K, committed 4736K, reserved 1056768K
  class space    used 492K, capacity 520K, committed 640K, reserved 1048576K
Event: 0.361 GC heap after
Heap after GC invocations=3 (full 0):
 PSYoungGen      total 1536K, used 496K [0x0000000795580000, 0x0000000795880000, 0x00000007c0000000)
  eden space 1024K, 0% used [0x0000000795580000,0x0000000795580000,0x0000000795680000)
  from space 512K, 96% used [0x0000000795680000,0x00000007956fc010,0x0000000795700000)
  to   space 512K, 0% used [0x0000000795800000,0x0000000795800000,0x0000000795880000)
 ParOldGen       total 129536K, used 440K [0x0000000740000000, 0x0000000747e80000, 0x0000000795580000)
  object space 129536K, 0% used [0x0000000740000000,0x000000074006e030,0x0000000747e80000)
 Metaspace       used 4426K, capacity 4616K, committed 4736K, reserved 1056768K
  class space    used 492K, capacity 520K, committed 640K, reserved 1048576K
}
Event: 0.387 GC heap before
{Heap before GC invocations=4 (full 0):
 PSYoungGen      total 1536K, used 1520K [0x0000000795580000, 0x0000000795880000, 0x00000007c0000000)
  eden space 1024K, 100% used [0x0000000795580000,0x0000000795680000,0x0000000795680000)
  from space 512K, 96% used [0x0000000795680000,0x00000007956fc010,0x0000000795700000)
  to   space 512K, 0% used [0x0000000795800000,0x0000000795800000,0x0000000795880000)
 ParOldGen       total 129536K, used 440K [0x0000000740000000, 0x0000000747e80000, 0x0000000795580000)
  object space 129536K, 0% used [0x0000000740000000,0x000000074006e030,0x0000000747e80000)
 Metaspace       used 4812K, capacity 4910K, committed 4992K, reserved 1056768K
  class space    used 541K, capacity 579K, committed 640K, reserved 1048576K
Event: 0.389 GC heap after
Heap after GC invocations=4 (full 0):
 PSYoungGen      total 2560K, used 512K [0x0000000795580000, 0x0000000795880000, 0x00000007c0000000)
  eden space 2048K, 0% used [0x0000000795580000,0x0000000795580000,0x0000000795780000)
  from space 512K, 100% used [0x0000000795800000,0x0000000795880000,0x0000000795880000)
  to   space 512K, 0% used [0x0000000795780000,0x0000000795780000,0x0000000795800000)
 ParOldGen       total 129536K, used 564K [0x0000000740000000, 0x0000000747e80000, 0x0000000795580000)
  object space 129536K, 0% used [0x0000000740000000,0x000000074008d040,0x0000000747e80000)
 Metaspace       used 4812K, capacity 4910K, committed 4992K, reserved 1056768K
  class space    used 541K, capacity 579K, committed 640K, reserved 1048576K
}
Event: 1.094 GC heap before
{Heap before GC invocations=5 (full 0):
 PSYoungGen      total 2560K, used 2560K [0x0000000795580000, 0x0000000795880000, 0x00000007c0000000)
  eden space 2048K, 100% used [0x0000000795580000,0x0000000795780000,0x0000000795780000)
  from space 512K, 100% used [0x0000000795800000,0x0000000795880000,0x0000000795880000)
  to   space 512K, 0% used [0x0000000795780000,0x0000000795780000,0x0000000795800000)
 ParOldGen       total 129536K, used 564K [0x0000000740000000, 0x0000000747e80000, 0x0000000795580000)
  object space 129536K, 0% used [0x0000000740000000,0x000000074008d040,0x0000000747e80000)
 Metaspace       used 8401K, capacity 8464K, committed 8576K, reserved 1056768K
  class space    used 1014K, capacity 1041K, committed 1152K, reserved 1048576K
Event: 1.096 GC heap after
Heap after GC invocations=5 (full 0):
 PSYoungGen      total 2560K, used 512K [0x0000000795580000, 0x0000000795c80000, 0x00000007c0000000)
  eden space 2048K, 0% used [0x0000000795580000,0x0000000795580000,0x0000000795780000)
  from space 512K, 100% used [0x0000000795780000,0x0000000795800000,0x0000000795800000)
  to   space 1536K, 0% used [0x0000000795b00000,0x0000000795b00000,0x0000000795c80000)
 ParOldGen       total 129536K, used 1297K [0x0000000740000000, 0x0000000747e80000, 0x0000000795580000)
  object space 129536K, 1% used [0x0000000740000000,0x0000000740144658,0x0000000747e80000)
 Metaspace       used 8401K, capacity 8464K, committed 8576K, reserved 1056768K
  class space    used 1014K, capacity 1041K, committed 1152K, reserved 1048576K
}
Event: 1.198 GC heap before
{Heap before GC invocations=6 (full 0):
 PSYoungGen      total 2560K, used 2560K [0x0000000795580000, 0x0000000795c80000, 0x00000007c0000000)
  eden space 2048K, 100% used [0x0000000795580000,0x0000000795780000,0x0000000795780000)
  from space 512K, 100% used [0x0000000795780000,0x0000000795800000,0x0000000795800000)
  to   space 1536K, 0% used [0x0000000795b00000,0x0000000795b00000,0x0000000795c80000)
 ParOldGen       total 129536K, used 1297K [0x0000000740000000, 0x0000000747e80000, 0x0000000795580000)
  object space 129536K, 1% used [0x0000000740000000,0x0000000740144658,0x0000000747e80000)
 Metaspace       used 9121K, capacity 9270K, committed 9344K, reserved 1056768K
  class space    used 1094K, capacity 1139K, committed 1152K, reserved 1048576K
Event: 1.200 GC heap after
Heap after GC invocations=6 (full 0):
 PSYoungGen      total 5632K, used 1248K [0x0000000795580000, 0x0000000795c80000, 0x00000007c0000000)
  eden space 4096K, 0% used [0x0000000795580000,0x0000000795580000,0x0000000795980000)
  from space 1536K, 81% used [0x0000000795b00000,0x0000000795c38000,0x0000000795c80000)
  to   space 1536K, 0% used [0x0000000795980000,0x0000000795980000,0x0000000795b00000)
 ParOldGen       total 129536K, used 1297K [0x0000000740000000, 0x0000000747e80000, 0x0000000795580000)
  object space 129536K, 1% used [0x0000000740000000,0x0000000740144658,0x0000000747e80000)
 Metaspace       used 9121K, capacity 9270K, committed 9344K, reserved 1056768K
  class space    used 1094K, capacity 1139K, committed 1152K, reserved 1048576K
}
Event: 1.273 GC heap before
{Heap before GC invocations=7 (full 0):
 PSYoungGen      total 5632K, used 5344K [0x0000000795580000, 0x0000000795c80000, 0x00000007c0000000)
  eden space 4096K, 100% used [0x0000000795580000,0x0000000795980000,0x0000000795980000)
  from space 1536K, 81% used [0x0000000795b00000,0x0000000795c38000,0x0000000795c80000)
  to   space 1536K, 0% used [0x0000000795980000,0x0000000795980000,0x0000000795b00000)
 ParOldGen       total 129536K, used 1297K [0x0000000740000000, 0x0000000747e80000, 0x0000000795580000)
  object space 129536K, 1% used [0x0000000740000000,0x0000000740144658,0x0000000747e80000)
 Metaspace       used 10291K, capacity 10462K, committed 10752K, reserved 1058816K
  class space    used 1188K, capacity 1237K, committed 1280K, reserved 1048576K
Event: 1.275 GC heap after
Heap after GC invocations=7 (full 0):
 PSYoungGen      total 5632K, used 1516K [0x0000000795580000, 0x0000000796180000, 0x00000007c0000000)
  eden space 4096K, 0% used [0x0000000795580000,0x0000000795580000,0x0000000795980000)
  from space 1536K, 98% used [0x0000000795980000,0x0000000795afb120,0x0000000795b00000)
  to   space 2048K, 0% used [0x0000000795f80000,0x0000000795f80000,0x0000000796180000)
 ParOldGen       total 129536K, used 1947K [0x0000000740000000, 0x0000000747e80000, 0x0000000795580000)
  object space 129536K, 1% used [0x0000000740000000,0x00000007401e6cc0,0x0000000747e80000)
 Metaspace       used 10291K, capacity 10462K, committed 10752K, reserved 1058816K
  class space    used 1188K, capacity 1237K, committed 1280K, reserved 1048576K
}

